{"C:\\Users\\Vanessa\\Desktop\\Personal Repo\\Guilherme-Albuquerque\\semana12\\Projeto semanal\\src\\actions\\Tasks\\index.js": {"path":"C:\\Users\\Vanessa\\Desktop\\Personal Repo\\Guilherme-Albuquerque\\semana12\\Projeto semanal\\src\\actions\\Tasks\\index.js","statementMap":{"0":{"start":{"line":2,"column":17},"end":{"line":2,"column":104}},"1":{"start":{"line":4,"column":29},"end":{"line":22,"column":1}},"2":{"start":{"line":4,"column":52},"end":{"line":22,"column":1}},"3":{"start":{"line":6,"column":2},"end":{"line":21,"column":3}},"4":{"start":{"line":7,"column":4},"end":{"line":13,"column":5}},"5":{"start":{"line":14,"column":4},"end":{"line":14,"column":24}},"6":{"start":{"line":18,"column":4},"end":{"line":18,"column":28}},"7":{"start":{"line":19,"column":4},"end":{"line":19,"column":22}},"8":{"start":{"line":24,"column":24},"end":{"line":37,"column":1}},"9":{"start":{"line":24,"column":30},"end":{"line":37,"column":1}},"10":{"start":{"line":25,"column":2},"end":{"line":36,"column":3}},"11":{"start":{"line":26,"column":21},"end":{"line":28,"column":5}},"12":{"start":{"line":29,"column":4},"end":{"line":29,"column":30}},"13":{"start":{"line":30,"column":4},"end":{"line":30,"column":37}},"14":{"start":{"line":35,"column":4},"end":{"line":35,"column":22}},"15":{"start":{"line":39,"column":24},"end":{"line":44,"column":2}},"16":{"start":{"line":39,"column":36},"end":{"line":44,"column":1}}},"fnMap":{"0":{"name":"(anonymous_0)","decl":{"start":{"line":4,"column":29},"end":{"line":4,"column":30}},"loc":{"start":{"line":4,"column":52},"end":{"line":22,"column":1}},"line":4},"1":{"name":"(anonymous_1)","decl":{"start":{"line":4,"column":52},"end":{"line":4,"column":53}},"loc":{"start":{"line":4,"column":72},"end":{"line":22,"column":1}},"line":4},"2":{"name":"(anonymous_2)","decl":{"start":{"line":24,"column":24},"end":{"line":24,"column":25}},"loc":{"start":{"line":24,"column":30},"end":{"line":37,"column":1}},"line":24},"3":{"name":"(anonymous_3)","decl":{"start":{"line":24,"column":30},"end":{"line":24,"column":31}},"loc":{"start":{"line":24,"column":50},"end":{"line":37,"column":1}},"line":24},"4":{"name":"(anonymous_4)","decl":{"start":{"line":39,"column":24},"end":{"line":39,"column":25}},"loc":{"start":{"line":39,"column":36},"end":{"line":44,"column":1}},"line":39}},"branchMap":{},"s":{"0":1,"1":1,"2":0,"3":0,"4":0,"5":0,"6":0,"7":0,"8":1,"9":0,"10":0,"11":0,"12":0,"13":0,"14":0,"15":1,"16":1},"f":{"0":0,"1":0,"2":0,"3":0,"4":1},"b":{},"_coverageSchema":"43e27e138ebf9cfc5966b082cf9a028302ed4184","hash":"76a72aa2adc5287491e491e94afd8cac86b7aa65"}
,"C:\\Users\\Vanessa\\Desktop\\Personal Repo\\Guilherme-Albuquerque\\semana12\\Projeto semanal\\src\\containers\\HeaderContainer\\index.js": {"path":"C:\\Users\\Vanessa\\Desktop\\Personal Repo\\Guilherme-Albuquerque\\semana12\\Projeto semanal\\src\\containers\\HeaderContainer\\index.js","statementMap":{"0":{"start":{"line":6,"column":22},"end":{"line":8,"column":1}},"1":{"start":{"line":10,"column":22},"end":{"line":14,"column":1}},"2":{"start":{"line":16,"column":22},"end":{"line":19,"column":1}},"3":{"start":{"line":21,"column":20},"end":{"line":27,"column":1}},"4":{"start":{"line":29,"column":21},"end":{"line":36,"column":1}},"5":{"start":{"line":38,"column":21},"end":{"line":46,"column":1}},"6":{"start":{"line":49,"column":4},"end":{"line":49,"column":16}},"7":{"start":{"line":50,"column":4},"end":{"line":53,"column":5}},"8":{"start":{"line":56,"column":16},"end":{"line":60,"column":3}},"9":{"start":{"line":57,"column":4},"end":{"line":59,"column":6}},"10":{"start":{"line":62,"column":17},"end":{"line":66,"column":3}},"11":{"start":{"line":63,"column":4},"end":{"line":65,"column":6}},"12":{"start":{"line":68,"column":15},"end":{"line":72,"column":3}},"13":{"start":{"line":69,"column":4},"end":{"line":69,"column":24}},"14":{"start":{"line":70,"column":4},"end":{"line":70,"column":72}},"15":{"start":{"line":76,"column":4},"end":{"line":110,"column":6}},"16":{"start":{"line":115,"column":2},"end":{"line":117,"column":4}},"17":{"start":{"line":116,"column":42},"end":{"line":116,"column":85}}},"fnMap":{"0":{"name":"(anonymous_0)","decl":{"start":{"line":48,"column":2},"end":{"line":48,"column":3}},"loc":{"start":{"line":48,"column":20},"end":{"line":54,"column":3}},"line":48},"1":{"name":"(anonymous_1)","decl":{"start":{"line":56,"column":16},"end":{"line":56,"column":17}},"loc":{"start":{"line":56,"column":27},"end":{"line":60,"column":3}},"line":56},"2":{"name":"(anonymous_2)","decl":{"start":{"line":62,"column":17},"end":{"line":62,"column":18}},"loc":{"start":{"line":62,"column":28},"end":{"line":66,"column":3}},"line":62},"3":{"name":"(anonymous_3)","decl":{"start":{"line":68,"column":15},"end":{"line":68,"column":16}},"loc":{"start":{"line":68,"column":23},"end":{"line":72,"column":3}},"line":68},"4":{"name":"(anonymous_4)","decl":{"start":{"line":74,"column":2},"end":{"line":74,"column":3}},"loc":{"start":{"line":74,"column":11},"end":{"line":111,"column":3}},"line":74},"5":{"name":"mapDispatchToProps","decl":{"start":{"line":114,"column":9},"end":{"line":114,"column":27}},"loc":{"start":{"line":114,"column":37},"end":{"line":118,"column":1}},"line":114},"6":{"name":"(anonymous_6)","decl":{"start":{"line":116,"column":19},"end":{"line":116,"column":20}},"loc":{"start":{"line":116,"column":42},"end":{"line":116,"column":85}},"line":116}},"branchMap":{},"s":{"0":0,"1":0,"2":0,"3":0,"4":0,"5":0,"6":0,"7":0,"8":0,"9":0,"10":0,"11":0,"12":0,"13":0,"14":0,"15":0,"16":0,"17":0},"f":{"0":0,"1":0,"2":0,"3":0,"4":0,"5":0,"6":0},"b":{},"hash":"540f5e4a15d78713120b725b415ef8006a15a180"}
,"C:\\Users\\Vanessa\\Desktop\\Personal Repo\\Guilherme-Albuquerque\\semana12\\Projeto semanal\\src\\containers\\Planner\\index.js": {"path":"C:\\Users\\Vanessa\\Desktop\\Personal Repo\\Guilherme-Albuquerque\\semana12\\Projeto semanal\\src\\containers\\Planner\\index.js","statementMap":{"0":{"start":{"line":8,"column":22},"end":{"line":14,"column":1}},"1":{"start":{"line":16,"column":22},"end":{"line":22,"column":1}},"2":{"start":{"line":27,"column":4},"end":{"line":27,"column":16}},"3":{"start":{"line":28,"column":4},"end":{"line":30,"column":5}},"4":{"start":{"line":34,"column":4},"end":{"line":38,"column":12}},"5":{"start":{"line":35,"column":6},"end":{"line":37,"column":9}},"6":{"start":{"line":35,"column":34},"end":{"line":37,"column":7}},"7":{"start":{"line":43,"column":4},"end":{"line":60,"column":5}}},"fnMap":{"0":{"name":"(anonymous_0)","decl":{"start":{"line":26,"column":2},"end":{"line":26,"column":3}},"loc":{"start":{"line":26,"column":21},"end":{"line":31,"column":3}},"line":26},"1":{"name":"(anonymous_1)","decl":{"start":{"line":33,"column":2},"end":{"line":33,"column":3}},"loc":{"start":{"line":33,"column":21},"end":{"line":39,"column":3}},"line":33},"2":{"name":"(anonymous_2)","decl":{"start":{"line":34,"column":34},"end":{"line":34,"column":35}},"loc":{"start":{"line":34,"column":38},"end":{"line":38,"column":5}},"line":34},"3":{"name":"(anonymous_3)","decl":{"start":{"line":35,"column":20},"end":{"line":35,"column":21}},"loc":{"start":{"line":35,"column":34},"end":{"line":37,"column":7}},"line":35},"4":{"name":"(anonymous_4)","decl":{"start":{"line":42,"column":2},"end":{"line":42,"column":3}},"loc":{"start":{"line":42,"column":11},"end":{"line":61,"column":3}},"line":42}},"branchMap":{"0":{"loc":{"start":{"line":45,"column":7},"end":{"line":53,"column":23}},"type":"cond-expr","locations":[{"start":{"line":46,"column":6},"end":{"line":49,"column":22}},{"start":{"line":51,"column":7},"end":{"line":53,"column":22}}],"line":45}},"s":{"0":0,"1":0,"2":0,"3":0,"4":0,"5":0,"6":0,"7":0},"f":{"0":0,"1":0,"2":0,"3":0,"4":0},"b":{"0":[0,0]},"hash":"d02695934e7cfba42ccc28268b5b0ace2f83d366"}
,"C:\\Users\\Vanessa\\Desktop\\Personal Repo\\Guilherme-Albuquerque\\semana12\\Projeto semanal\\src\\containers\\TaskPanel\\index.js": {"path":"C:\\Users\\Vanessa\\Desktop\\Personal Repo\\Guilherme-Albuquerque\\semana12\\Projeto semanal\\src\\containers\\TaskPanel\\index.js","statementMap":{"0":{"start":{"line":6,"column":13},"end":{"line":12,"column":1}},"1":{"start":{"line":14,"column":20},"end":{"line":14,"column":114}},"2":{"start":{"line":16,"column":22},"end":{"line":21,"column":1}},"3":{"start":{"line":25,"column":4},"end":{"line":25,"column":17}},"4":{"start":{"line":29,"column":2},"end":{"line":29,"column":23}},"5":{"start":{"line":32,"column":4},"end":{"line":32,"column":33}},"6":{"start":{"line":34,"column":4},"end":{"line":55,"column":6}},"7":{"start":{"line":39,"column":11},"end":{"line":51,"column":18}},"8":{"start":{"line":43,"column":16},"end":{"line":43,"column":32}},"9":{"start":{"line":46,"column":23},"end":{"line":46,"column":43}},"10":{"start":{"line":59,"column":24},"end":{"line":61,"column":2}},"11":{"start":{"line":59,"column":34},"end":{"line":61,"column":1}},"12":{"start":{"line":63,"column":27},"end":{"line":65,"column":2}},"13":{"start":{"line":63,"column":40},"end":{"line":65,"column":1}},"14":{"start":{"line":64,"column":18},"end":{"line":64,"column":39}}},"fnMap":{"0":{"name":"(anonymous_0)","decl":{"start":{"line":24,"column":2},"end":{"line":24,"column":3}},"loc":{"start":{"line":24,"column":20},"end":{"line":26,"column":3}},"line":24},"1":{"name":"(anonymous_1)","decl":{"start":{"line":28,"column":0},"end":{"line":28,"column":1}},"loc":{"start":{"line":28,"column":21},"end":{"line":30,"column":1}},"line":28},"2":{"name":"(anonymous_2)","decl":{"start":{"line":31,"column":2},"end":{"line":31,"column":3}},"loc":{"start":{"line":31,"column":11},"end":{"line":56,"column":3}},"line":31},"3":{"name":"(anonymous_3)","decl":{"start":{"line":38,"column":26},"end":{"line":38,"column":27}},"loc":{"start":{"line":39,"column":11},"end":{"line":51,"column":18}},"line":39},"4":{"name":"(anonymous_4)","decl":{"start":{"line":42,"column":14},"end":{"line":42,"column":15}},"loc":{"start":{"line":43,"column":16},"end":{"line":43,"column":32}},"line":43},"5":{"name":"(anonymous_5)","decl":{"start":{"line":46,"column":13},"end":{"line":46,"column":14}},"loc":{"start":{"line":46,"column":23},"end":{"line":46,"column":43}},"line":46},"6":{"name":"(anonymous_6)","decl":{"start":{"line":59,"column":24},"end":{"line":59,"column":25}},"loc":{"start":{"line":59,"column":34},"end":{"line":61,"column":1}},"line":59},"7":{"name":"(anonymous_7)","decl":{"start":{"line":63,"column":27},"end":{"line":63,"column":28}},"loc":{"start":{"line":63,"column":40},"end":{"line":65,"column":1}},"line":63},"8":{"name":"(anonymous_8)","decl":{"start":{"line":64,"column":12},"end":{"line":64,"column":13}},"loc":{"start":{"line":64,"column":18},"end":{"line":64,"column":39}},"line":64}},"branchMap":{},"s":{"0":0,"1":0,"2":0,"3":0,"4":0,"5":0,"6":0,"7":0,"8":0,"9":0,"10":0,"11":0,"12":0,"13":0,"14":0},"f":{"0":0,"1":0,"2":0,"3":0,"4":0,"5":0,"6":0,"7":0,"8":0},"b":{},"hash":"f7e7b7fe9fd64a47b3512bd7759d475dd4a9f775"}
}
